
         ,--.
       ,--.'|
   ,--,:  : |                                           Nacos 1.4.0
,`--.'`|  ' :                       ,---.               Running in stand alone mode, All function modules
|   :  :  | |                      '   ,'\   .--.--.    Port: 8848
:   |   \ | :  ,--.--.     ,---.  /   /   | /  /    '   Pid: 24
|   : '  '; | /       \   /     \.   ; ,. :|  :  /`./   Console: http://172.19.0.6:8848/nacos/index.html
'   ' ;.    ;.--.  .-. | /    / ''   | |: :|  :  ;_
|   | | \   | \__\/: . ..    ' / '   | .; : \  \    `.      https://nacos.io
'   : |  ; .' ," .--.; |'   ; :__|   :    |  `----.   \
|   | '`--'  /  /  ,.  |'   | '.'|\   \  /  /  /`--'  /
'   : |     ;  :   .'   \   :    : `----'  '--'.     /
;   |.'     |  ,     .-./\   \  /            `--'---'
'---'        `--`---'     `----'

2024-04-22 19:54:33,430 INFO Bean 'org.springframework.security.access.expression.method.DefaultMethodSecurityExpressionHandler@b978d10' of type [org.springframework.security.access.expression.method.DefaultMethodSecurityExpressionHandler] is not eligible for getting processed by all BeanPostProcessors (for example: not eligible for auto-proxying)

2024-04-22 19:54:33,478 INFO Bean 'methodSecurityMetadataSource' of type [org.springframework.security.access.method.DelegatingMethodSecurityMetadataSource] is not eligible for getting processed by all BeanPostProcessors (for example: not eligible for auto-proxying)

2024-04-22 19:54:36,103 INFO Tomcat initialized with port(s): 8848 (http)

2024-04-22 19:54:37,650 INFO Root WebApplicationContext: initialization completed in 29427 ms

2024-04-22 19:54:56,144 INFO Initializing ExecutorService 'applicationTaskExecutor'

2024-04-22 19:54:57,134 INFO Adding welcome page: class path resource [static/index.html]

2024-04-22 19:55:04,793 INFO Creating filter chain: Ant [pattern='/**'], []

2024-04-22 19:55:06,346 INFO Creating filter chain: any request, [org.springframework.security.web.context.request.async.WebAsyncManagerIntegrationFilter@1e392345, org.springframework.security.web.context.SecurityContextPersistenceFilter@33c2bd, org.springframework.security.web.header.HeaderWriterFilter@10b3df93, org.springframework.security.web.csrf.CsrfFilter@3153ddfc, org.springframework.security.web.authentication.logout.LogoutFilter@6f0628de, org.springframework.security.web.savedrequest.RequestCacheAwareFilter@3c321bdb, org.springframework.security.web.servletapi.SecurityContextHolderAwareRequestFilter@4d4d8fcf, org.springframework.security.web.authentication.AnonymousAuthenticationFilter@12f3afb5, org.springframework.security.web.session.SessionManagementFilter@33a2499c, org.springframework.security.web.access.ExceptionTranslationFilter@28a2a3e7]

2024-04-22 19:55:08,923 INFO Initializing ExecutorService 'taskScheduler'

2024-04-22 19:55:09,363 INFO Exposing 2 endpoint(s) beneath base path '/actuator'

2024-04-22 19:55:12,735 INFO Tomcat started on port(s): 8848 (http) with context path '/nacos'

2024-04-22 19:55:12,918 INFO Nacos Log files: /home/nacos/logs

2024-04-22 19:55:12,938 INFO Nacos Log files: /home/nacos/conf

2024-04-22 19:55:12,978 INFO Nacos Log files: /home/nacos/data

2024-04-22 19:55:12,986 INFO Nacos started successfully in stand alone mode. use embedded storage

2024-04-22 20:01:40,517 INFO Initializing Servlet 'dispatcherServlet'

2024-04-22 20:01:40,661 INFO Completed initialization in 140 ms

